{
"contracts/simpleNFT.sol":{"l":{"32":1,"33":1,"34":1,"38":1,"42":1},"path":"/home/wajahat/Hardhat-FCC/NFT/contracts/simpleNFT.sol","s":{"1":1,"2":1,"3":1,"4":1,"5":1},"b":{},"f":{"1":3,"2":1,"3":1,"4":1},"fnMap":{"1":{"name":"constructor","line":23,"loc":{"start":{"line":23,"column":4},"end":{"line":25,"column":4}}},"2":{"name":"mintNFT","line":31,"loc":{"start":{"line":31,"column":4},"end":{"line":35,"column":4}}},"3":{"name":"getTokenCount","line":37,"loc":{"start":{"line":37,"column":4},"end":{"line":39,"column":4}}},"4":{"name":"tokenURI","line":41,"loc":{"start":{"line":41,"column":4},"end":{"line":43,"column":4}}}},"statementMap":{"1":{"start":{"line":32,"column":8},"end":{"line":32,"column":44}},"2":{"start":{"line":33,"column":8},"end":{"line":33,"column":42}},"3":{"start":{"line":34,"column":8},"end":{"line":34,"column":29}},"4":{"start":{"line":38,"column":8},"end":{"line":38,"column":29}},"5":{"start":{"line":42,"column":8},"end":{"line":42,"column":24}}},"branchMap":{}}}
